<?xml version="1.0" encoding="UTF-8"?>
<!-- Generated by org.testng.reporters.JUnitReportReporter -->
<testsuite hostname="MacBook-Pro-2.home" failures="0" tests="1" name="homePageTest.HomePageTest" time="4.729" errors="0" timestamp="2020-09-02T14:49:28 EDT" skipped="0">
  <testcase classname="homePageTest.HomePageTest" name="setSearchFieldTest" time="4.729"/>
  <system-out/>
</testsuite> <!-- homePageTest.HomePageTest -->
